#
# There is insufficient memory for the Java Runtime Environment to continue.
# Native memory allocation (malloc) failed to allocate 1048576 bytes for AllocateHeap
# Possible reasons:
#   The system is out of physical RAM or swap space
#   In 32 bit mode, the process size limit was hit
# Possible solutions:
#   Reduce memory load on the system
#   Increase physical memory or swap space
#   Check if swap backing store is full
#   Use 64 bit Java on a 64 bit OS
#   Decrease Java heap size (-Xmx/-Xms)
#   Decrease number of Java threads
#   Decrease Java thread stack sizes (-Xss)
#   Set larger code cache with -XX:ReservedCodeCacheSize=
# This output file may be truncated or incomplete.
#
#  Out of Memory Error (memory/allocation.inline.hpp:61), pid=13232, tid=0x000000000000199c
#
# JRE version:  (8.0_152-b01) (build )
# Java VM: OpenJDK 64-Bit Server VM (25.152-b01 mixed mode windows-amd64 compressed oops)
# Failed to write core dump. Minidumps are not enabled by default on client versions of Windows
#

---------------  T H R E A D  ---------------

Current thread (0x0000000002c86000):  JavaThread "Unknown thread" [_thread_in_vm, id=6556, stack(0x0000000002b70000,0x0000000002c70000)]

Stack: [0x0000000002b70000,0x0000000002c70000]
[error occurred during error reporting (printing stack bounds), id 0xc0000005]

Native frames: (J=compiled Java code, j=interpreted, Vv=VM code, C=native code)


---------------  P R O C E S S  ---------------

Java Threads: ( => current thread )

Other Threads:

=>0x0000000002c86000 (exited) JavaThread "Unknown thread" [_thread_in_vm, id=6556, stack(0x0000000002b70000,0x0000000002c70000)]

VM state:not at safepoint (normal execution)

VM Mutex/Monitor currently owned by a thread: None

Heap:
 PSYoungGen      total 18944K, used 327K [0x00000000feb00000, 0x0000000100000000, 0x0000000100000000)
  eden space 16384K, 2% used [0x00000000feb00000,0x00000000feb51ec8,0x00000000ffb00000)
  from space 2560K, 0% used [0x00000000ffd80000,0x00000000ffd80000,0x0000000100000000)
  to   space 2560K, 0% used [0x00000000ffb00000,0x00000000ffb00000,0x00000000ffd80000)
 ParOldGen       total 44032K, used 0K [0x00000000fc000000, 0x00000000feb00000, 0x00000000feb00000)
  object space 44032K, 0% used [0x00000000fc000000,0x00000000fc000000,0x00000000feb00000)
 Metaspace       used 772K, capacity 4480K, committed 4480K, reserved 1056768K
  class space    used 73K, capacity 384K, committed 384K, reserved 1048576K

Card table byte_map: [0x0000000000db0000,0x0000000000de0000] byte_map_base: 0x00000000005d0000

Marking Bits: (ParMarkBitMap*) 0x000000006e443950
 Begin Bits: [0x0000000012540000, 0x0000000012640000)
 End Bits:   [0x0000000012640000, 0x0000000012740000)

Polling page: 0x0000000000d80000

CodeCache: size=245760Kb used=328Kb max_used=328Kb free=245431Kb
 bounds [0x0000000002d80000, 0x0000000002ff0000, 0x0000000011d80000]
 total_blobs=57 nmethods=0 adapters=38
 compilation: enabled

Compilation events (0 events):
No events

GC Heap History (0 events):
No events

Deoptimization events (0 events):
No events

Classes redefined (0 events):
No events

Internal exceptions (0 events):
No events

Events (10 events):
Event: 0.069 loading class java/lang/Short
Event: 0.069 loading class java/lang/Short done
Event: 0.069 loading class java/lang/Integer
Event: 0.070 loading class java/lang/Integer done
Event: 0.070 loading class java/lang/Long
Event: 0.070 loading class java/lang/Long done
Event: 0.072 loading class java/lang/NullPointerException
Event: 0.072 loading class java/lang/NullPointerException done
Event: 0.072 loading class java/lang/ArithmeticException
Event: 0.073 loading class java/lang/ArithmeticException done


Dynamic libraries:
0x00007ff771ae0000 - 0x00007ff771b11000 	C:\Program Files\Android\Android Studio\jre\bin\java.exe
0x00007ff9af460000 - 0x00007ff9af63b000 	C:\WINDOWS\SYSTEM32\ntdll.dll
0x00007ff9ad330000 - 0x00007ff9ad3de000 	C:\WINDOWS\System32\KERNEL32.DLL
0x00007ff9ac3e0000 - 0x00007ff9ac629000 	C:\WINDOWS\System32\KERNELBASE.dll
0x00007ff9af3a0000 - 0x00007ff9af441000 	C:\WINDOWS\System32\ADVAPI32.dll
0x00007ff9af2b0000 - 0x00007ff9af34d000 	C:\WINDOWS\System32\msvcrt.dll
0x00007ff9ade10000 - 0x00007ff9ade69000 	C:\WINDOWS\System32\sechost.dll
0x00007ff9ad800000 - 0x00007ff9ad925000 	C:\WINDOWS\System32\RPCRT4.dll
0x00007ff9acf80000 - 0x00007ff9ad0ca000 	C:\WINDOWS\System32\USER32.dll
0x00007ff9ac3c0000 - 0x00007ff9ac3de000 	C:\WINDOWS\System32\win32u.dll
0x00007ff9af350000 - 0x00007ff9af377000 	C:\WINDOWS\System32\GDI32.dll
0x00007ff9ac190000 - 0x00007ff9ac317000 	C:\WINDOWS\System32\gdi32full.dll
0x00007ff9ac320000 - 0x00007ff9ac3ba000 	C:\WINDOWS\System32\msvcp_win.dll
0x00007ff9ac870000 - 0x00007ff9ac966000 	C:\WINDOWS\System32\ucrtbase.dll
0x00007ff9a0b90000 - 0x00007ff9a0df7000 	C:\WINDOWS\WinSxS\amd64_microsoft.windows.common-controls_6595b64144ccf1df_6.0.15063.1058_none_40c74ded29a7bebd\COMCTL32.dll
0x00007ff9ad440000 - 0x00007ff9ad739000 	C:\WINDOWS\System32\combase.dll
0x00007ff9ac630000 - 0x00007ff9ac69a000 	C:\WINDOWS\System32\bcryptPrimitives.dll
0x00007ff9acf50000 - 0x00007ff9acf7d000 	C:\WINDOWS\System32\IMM32.DLL
0x000000006e6e0000 - 0x000000006e7b2000 	C:\Program Files\Android\Android Studio\jre\jre\bin\msvcr100.dll
0x000000006dc80000 - 0x000000006e4be000 	C:\Program Files\Android\Android Studio\jre\jre\bin\server\jvm.dll
0x00007ff9ada50000 - 0x00007ff9ada58000 	C:\WINDOWS\System32\PSAPI.DLL
0x00007ff9a0740000 - 0x00007ff9a0749000 	C:\WINDOWS\SYSTEM32\WSOCK32.dll
0x00007ff9ad0d0000 - 0x00007ff9ad13c000 	C:\WINDOWS\System32\WS2_32.dll
0x00007ff9a31c0000 - 0x00007ff9a31e3000 	C:\WINDOWS\SYSTEM32\WINMM.dll
0x00007ff9a7e70000 - 0x00007ff9a7e7a000 	C:\WINDOWS\SYSTEM32\VERSION.dll
0x00007ff9a3040000 - 0x00007ff9a306b000 	C:\WINDOWS\SYSTEM32\WINMMBASE.dll
0x00007ff9ac970000 - 0x00007ff9ac9b9000 	C:\WINDOWS\System32\cfgmgr32.dll
0x00007ff9a8120000 - 0x00007ff9a812f000 	C:\Program Files\Android\Android Studio\jre\jre\bin\verify.dll
0x00007ff9a80c0000 - 0x00007ff9a80e9000 	C:\Program Files\Android\Android Studio\jre\jre\bin\java.dll
0x00007ff9a8010000 - 0x00007ff9a8026000 	C:\Program Files\Android\Android Studio\jre\jre\bin\zip.dll

VM Arguments:
jvm_args: -Djava.awt.headless=true -Xmx64M -Dfile.encoding=x-windows-949 -Duser.country=US -Duser.language=en -Duser.variant 
java_command: com.google.devtools.build.android.desugar.Desugar --input C:\Users\ilsung\AndroidStudioProjects\SBU_Foodie\app\build\intermediates\transforms\stackFramesFixer\debug\23.jar --output C:\Users\ilsung\AndroidStudioProjects\SBU_Foodie\app\build\intermediates\transforms\desugar\debug\24.jar --input C:\Users\ilsung\AndroidStudioProjects\SBU_Foodie\app\build\intermediates\transforms\stackFramesFixer\debug\6.jar --output C:\Users\ilsung\AndroidStudioProjects\SBU_Foodie\app\build\intermediates\transforms\desugar\debug\7.jar --input C:\Users\ilsung\AndroidStudioProjects\SBU_Foodie\app\build\intermediates\transforms\stackFramesFixer\debug\41.jar --output C:\Users\ilsung\AndroidStudioProjects\SBU_Foodie\app\build\intermediates\transforms\desugar\debug\42.jar --input C:\Users\ilsung\AndroidStudioProjects\SBU_Foodie\app\build\intermediates\transforms\stackFramesFixer\debug\16.jar --output C:\Users\ilsung\AndroidStudioProjects\SBU_Foodie\app\build\intermediates\transforms\desugar\debug\17.jar --input C:\Users\ilsung\AndroidStudioProjects\SBU_Foodie\app\build\intermediates\transforms\stackFramesFixer\debug\36.jar --output C:\Users\ilsung\AndroidStudioProjects\SBU_Foodie\app\build\intermediates\transforms\desugar\debug\37.jar --input C:\Users\ilsung\AndroidStudioProjects\SBU_Foodie\app\build\intermediates\transforms\stackFramesFixer\debug\39.jar --output C:\Users\ilsung\AndroidStudioProjects\SBU_Foodie\app\build\intermediates\transforms\desugar\debug\40.jar --input C:\Users\ilsung\AndroidStudioProjects\SBU_Foodie\app\build\intermediates\transforms\stackFramesFixer\debug\20.jar --output C:\Users\ilsung\AndroidStudioProjects\SBU_Foodie\app\build\intermediates\transforms\desugar\debug\21.jar --input C:\Users\ilsung\AndroidStudioProjects\SBU_Foodie\app\build\intermediates\transforms\stackFramesFixer\debug\40.jar --output C:\Users\ilsung\AndroidStudioProjects\SBU_Foodie\app\build\intermediates\transforms\desugar\debug\41.jar --input C:\Users\ilsung\AndroidStudioProjects\SB
java_class_path (initial): C:\Users\ilsung\AppData\Local\Temp\desugar_deploy.jar5194548588394778911
Launcher Type: SUN_STANDARD

Environment Variables:
PATH=C:\ProgramData\Oracle\Java\javapath;C:\Program Files (x86)\Intel\iCLS Client\;C:\Program Files\Intel\iCLS Client\;C:\WINDOWS\system32;C:\WINDOWS;C:\WINDOWS\System32\Wbem;C:\WINDOWS\System32\WindowsPowerShell\v1.0\;C:\Program Files\Intel\Intel(R) Management Engine Components\DAL;C:\Program Files\Intel\Intel(R) Management Engine Components\IPT;C:\Program Files (x86)\Intel\Intel(R) Management Engine Components\DAL;C:\Program Files (x86)\Intel\Intel(R) Management Engine Components\IPT;C:\Program Files (x86)\Intel\OpenCL SDK\2.0\bin\x86;C:\Program Files (x86)\Intel\OpenCL SDK\2.0\bin\x64;C:\Program Files\Condusiv Technologies\IntelliMemory\;C:\Program Files (x86)\Windows Live\Shared;C:\Program Files\Intel\WiFi\bin\;C:\Program Files\Common Files\Intel\WirelessCommon\;C:\Users\ilsung\AppData\Roaming\nvm;C:\Program Files\nodejs;C:\Program Files\nodejs\;C:\Program Files\erl9.2\bin;C:\Program Files (x86)\Elixir\bin;C:\WINDOWS\system32\config\systemprofile\.mix\escripts;C:\Program Files\Git\cmd;C:\Users\ilsung\AppData\Local\Programs\Python\Python36-32\;C:\Users\ilsung\AppData\Roaming\npm;C:\Program Files (x86)\SSH Communications Security\SSH Secure Shell;C:\Users\ilsung\AppData\Local\Python\Python36\Scripts;C:\Users\ilsung\AppData\Local\Python\Python36;C:\Users\ilsung\AppData\Local\Python\Python36;C:\Users\ilsung\AppData\Local;C:\Program Files\Java\jdk1.8.0_162\bin;
USERNAME=ilsung
OS=Windows_NT
PROCESSOR_IDENTIFIER=Intel64 Family 6 Model 58 Stepping 9, GenuineIntel



---------------  S Y S T E M  ---------------

OS: Windows 10.0 , 64 bit Build 15063 (10.0.15063.1058)

CPU:total 4 (initial active 4) (2 cores per cpu, 2 threads per core) family 6 model 58 stepping 9, cmov, cx8, fxsr, mmx, sse, sse2, sse3, ssse3, sse4.1, sse4.2, popcnt, avx, clmul, erms, ht, tsc, tscinvbit, tscinv

Memory: 4k page, physical 8001056k(1126488k free), swap 10966628k(4472k free)

vm_info: OpenJDK 64-Bit Server VM (25.152-b01) for windows-amd64 JRE (1.8.0_152-release-915-b01), built by "builder" with MS VC++ 10.0 (VS2010)

time: Sat Jun 16 23:37:36 2018
elapsed time: 0 seconds (0d 0h 0m 0s)

