#
# There is insufficient memory for the Java Runtime Environment to continue.
# Native memory allocation (malloc) failed to allocate 32744 bytes for ChunkPool::allocate
# Possible reasons:
#   The system is out of physical RAM or swap space
#   In 32 bit mode, the process size limit was hit
# Possible solutions:
#   Reduce memory load on the system
#   Increase physical memory or swap space
#   Check if swap backing store is full
#   Use 64 bit Java on a 64 bit OS
#   Decrease Java heap size (-Xmx/-Xms)
#   Decrease number of Java threads
#   Decrease Java thread stack sizes (-Xss)
#   Set larger code cache with -XX:ReservedCodeCacheSize=
# This output file may be truncated or incomplete.
#
#  Out of Memory Error (allocation.cpp:273), pid=16376, tid=0x00000000000045e4
#
# JRE version: OpenJDK Runtime Environment (8.0_152-b01) (build 1.8.0_152-release-915-b01)
# Java VM: OpenJDK 64-Bit Server VM (25.152-b01 mixed mode windows-amd64 compressed oops)
# Failed to write core dump. Minidumps are not enabled by default on client versions of Windows
#

---------------  T H R E A D  ---------------

Current thread (0x000000001471f800):  JavaThread "C1 CompilerThread2" daemon [_thread_in_native, id=17892, stack(0x0000000014ec0000,0x0000000014fc0000)]

Stack: [0x0000000014ec0000,0x0000000014fc0000]
[error occurred during error reporting (printing stack bounds), id 0xc0000005]

Native frames: (J=compiled Java code, j=interpreted, Vv=VM code, C=native code)


Current CompileTask:
C1:  16330  998       3       com.google.devtools.build.android.desugar.IndexedInputs::getInputFileProvider (43 bytes)


---------------  P R O C E S S  ---------------

Java Threads: ( => current thread )
  0x0000000014724800 JavaThread "Service Thread" daemon [_thread_blocked, id=13924, stack(0x0000000014fc0000,0x00000000150c0000)]
=>0x000000001471f800 JavaThread "C1 CompilerThread2" daemon [_thread_in_native, id=17892, stack(0x0000000014ec0000,0x0000000014fc0000)]
  0x000000001471c000 JavaThread "C2 CompilerThread1" daemon [_thread_in_native, id=8884, stack(0x0000000014dc0000,0x0000000014ec0000)]
  0x0000000013195000 JavaThread "C2 CompilerThread0" daemon [_thread_in_native, id=16116, stack(0x0000000014cc0000,0x0000000014dc0000)]
  0x0000000013182800 JavaThread "Attach Listener" daemon [_thread_blocked, id=24372, stack(0x0000000014bc0000,0x0000000014cc0000)]
  0x0000000014703800 JavaThread "Signal Dispatcher" daemon [_thread_blocked, id=14256, stack(0x0000000014ac0000,0x0000000014bc0000)]
  0x0000000013158800 JavaThread "Finalizer" daemon [_thread_blocked, id=16216, stack(0x00000000143d0000,0x00000000144d0000)]
  0x0000000002e07800 JavaThread "Reference Handler" daemon [_thread_blocked, id=20604, stack(0x00000000142d0000,0x00000000143d0000)]
  0x0000000002d16800 JavaThread "main" [_thread_in_Java, id=16900, stack(0x0000000002b60000,0x0000000002c60000)]

Other Threads:
  0x0000000013134000 VMThread [stack: 0x00000000141d0000,0x00000000142d0000] [id=8036]
  0x0000000014727000 WatcherThread [stack: 0x00000000150c0000,0x00000000151c0000] [id=18660]

VM state:not at safepoint (normal execution)

VM Mutex/Monitor currently owned by a thread: None

Heap:
 PSYoungGen      total 18944K, used 8580K [0x00000000feb00000, 0x0000000100000000, 0x0000000100000000)
  eden space 16384K, 36% used [0x00000000feb00000,0x00000000ff0e30a8,0x00000000ffb00000)
  from space 2560K, 99% used [0x00000000ffd80000,0x00000000ffffe200,0x0000000100000000)
  to   space 2560K, 0% used [0x00000000ffb00000,0x00000000ffb00000,0x00000000ffd80000)
 ParOldGen       total 44032K, used 6000K [0x00000000fc000000, 0x00000000feb00000, 0x00000000feb00000)
  object space 44032K, 13% used [0x00000000fc000000,0x00000000fc5dc0e0,0x00000000feb00000)
 Metaspace       used 7729K, capacity 7944K, committed 8192K, reserved 1056768K
  class space    used 875K, capacity 970K, committed 1024K, reserved 1048576K

Card table byte_map: [0x0000000002530000,0x0000000002560000] byte_map_base: 0x0000000001d50000

Marking Bits: (ParMarkBitMap*) 0x000000006e443950
 Begin Bits: [0x00000000125d0000, 0x00000000126d0000)
 End Bits:   [0x00000000126d0000, 0x00000000127d0000)

Polling page: 0x0000000000d40000

CodeCache: size=245760Kb used=3903Kb max_used=3913Kb free=241856Kb
 bounds [0x0000000002e10000, 0x00000000031f0000, 0x0000000011e10000]
 total_blobs=1330 nmethods=995 adapters=249
 compilation: enabled

Compilation events (10 events):
Event: 16.301 Thread 0x0000000013195000 nmethod 992 0x00000000030f33d0 code [0x00000000030f3500, 0x00000000030f3558]
Event: 16.304 Thread 0x000000001471f800 nmethod 993 0x00000000031dd2d0 code [0x00000000031ddb80, 0x00000000031e20c8]
Event: 16.304 Thread 0x0000000013195000  995       4       org.objectweb.asm.ByteVector::putInt (74 bytes)
Event: 16.304 Thread 0x000000001471f800  994       3       org.objectweb.asm.AnnotationWriter::visitEnd (43 bytes)
Event: 16.304 Thread 0x000000001471f800 nmethod 994 0x00000000031dc6d0 code [0x00000000031dc840, 0x00000000031dca30]
Event: 16.307 Thread 0x0000000013195000 nmethod 995 0x00000000031dad90 code [0x00000000031daee0, 0x00000000031db088]
Event: 16.308 Thread 0x0000000013195000  996       4       org.objectweb.asm.ByteVector::putUTF8 (142 bytes)
Event: 16.312 Thread 0x000000001471f800  997       3       java.util.ArrayList::<init> (12 bytes)
Event: 16.313 Thread 0x000000001471f800 nmethod 997 0x00000000031da890 code [0x00000000031daa00, 0x00000000031dac90]
Event: 16.314 Thread 0x000000001471f800  998       3       com.google.devtools.build.android.desugar.IndexedInputs::getInputFileProvider (43 bytes)

GC Heap History (4 events):
Event: 6.478 GC heap before
{Heap before GC invocations=1 (full 0):
 PSYoungGen      total 18944K, used 16384K [0x00000000feb00000, 0x0000000100000000, 0x0000000100000000)
  eden space 16384K, 100% used [0x00000000feb00000,0x00000000ffb00000,0x00000000ffb00000)
  from space 2560K, 0% used [0x00000000ffd80000,0x00000000ffd80000,0x0000000100000000)
  to   space 2560K, 0% used [0x00000000ffb00000,0x00000000ffb00000,0x00000000ffd80000)
 ParOldGen       total 44032K, used 0K [0x00000000fc000000, 0x00000000feb00000, 0x00000000feb00000)
  object space 44032K, 0% used [0x00000000fc000000,0x00000000fc000000,0x00000000feb00000)
 Metaspace       used 6773K, capacity 6938K, committed 7040K, reserved 1056768K
  class space    used 796K, capacity 871K, committed 896K, reserved 1048576K
Event: 6.529 GC heap after
Heap after GC invocations=1 (full 0):
 PSYoungGen      total 18944K, used 2542K [0x00000000feb00000, 0x0000000100000000, 0x0000000100000000)
  eden space 16384K, 0% used [0x00000000feb00000,0x00000000feb00000,0x00000000ffb00000)
  from space 2560K, 99% used [0x00000000ffb00000,0x00000000ffd7b9f0,0x00000000ffd80000)
  to   space 2560K, 0% used [0x00000000ffd80000,0x00000000ffd80000,0x0000000100000000)
 ParOldGen       total 44032K, used 1634K [0x00000000fc000000, 0x00000000feb00000, 0x00000000feb00000)
  object space 44032K, 3% used [0x00000000fc000000,0x00000000fc198920,0x00000000feb00000)
 Metaspace       used 6773K, capacity 6938K, committed 7040K, reserved 1056768K
  class space    used 796K, capacity 871K, committed 896K, reserved 1048576K
}
Event: 11.771 GC heap before
{Heap before GC invocations=2 (full 0):
 PSYoungGen      total 18944K, used 18926K [0x00000000feb00000, 0x0000000100000000, 0x0000000100000000)
  eden space 16384K, 100% used [0x00000000feb00000,0x00000000ffb00000,0x00000000ffb00000)
  from space 2560K, 99% used [0x00000000ffb00000,0x00000000ffd7b9f0,0x00000000ffd80000)
  to   space 2560K, 0% used [0x00000000ffd80000,0x00000000ffd80000,0x0000000100000000)
 ParOldGen       total 44032K, used 1634K [0x00000000fc000000, 0x00000000feb00000, 0x00000000feb00000)
  object space 44032K, 3% used [0x00000000fc000000,0x00000000fc198920,0x00000000feb00000)
 Metaspace       used 7651K, capacity 7880K, committed 7936K, reserved 1056768K
  class space    used 874K, capacity 970K, committed 1024K, reserved 1048576K
Event: 11.852 GC heap after
Heap after GC invocations=2 (full 0):
 PSYoungGen      total 18944K, used 2552K [0x00000000feb00000, 0x0000000100000000, 0x0000000100000000)
  eden space 16384K, 0% used [0x00000000feb00000,0x00000000feb00000,0x00000000ffb00000)
  from space 2560K, 99% used [0x00000000ffd80000,0x00000000ffffe200,0x0000000100000000)
  to   space 2560K, 0% used [0x00000000ffb00000,0x00000000ffb00000,0x00000000ffd80000)
 ParOldGen       total 44032K, used 6000K [0x00000000fc000000, 0x00000000feb00000, 0x00000000feb00000)
  object space 44032K, 13% used [0x00000000fc000000,0x00000000fc5dc0e0,0x00000000feb00000)
 Metaspace       used 7651K, capacity 7880K, committed 7936K, reserved 1056768K
  class space    used 874K, capacity 970K, committed 1024K, reserved 1048576K
}

Deoptimization events (10 events):
Event: 15.057 Thread 0x0000000002d16800 Uncommon trap: reason=unstable_if action=reinterpret pc=0x00000000031bb3a0 method=org.objectweb.asm.ByteVector.putUTF8(Ljava/lang/String;)Lorg/objectweb/asm/ByteVector; @ 91
Event: 15.059 Thread 0x0000000002d16800 Uncommon trap: reason=unstable_if action=reinterpret pc=0x00000000030ebea0 method=org.objectweb.asm.ByteVector.putUTF8(Ljava/lang/String;)Lorg/objectweb/asm/ByteVector; @ 91
Event: 16.286 Thread 0x0000000002d16800 Uncommon trap: reason=bimorphic action=maybe_recompile pc=0x000000000319e928 method=org.objectweb.asm.MethodVisitor.visitJumpInsn(ILorg/objectweb/asm/Label;)V @ 13
Event: 16.287 Thread 0x0000000002d16800 Uncommon trap: reason=bimorphic action=maybe_recompile pc=0x00000000031592f0 method=org.objectweb.asm.MethodVisitor.visitVarInsn(II)V @ 13
Event: 16.288 Thread 0x0000000002d16800 Uncommon trap: reason=bimorphic action=maybe_recompile pc=0x000000000319e928 method=org.objectweb.asm.MethodVisitor.visitJumpInsn(ILorg/objectweb/asm/Label;)V @ 13
Event: 16.288 Thread 0x0000000002d16800 Uncommon trap: reason=bimorphic action=maybe_recompile pc=0x00000000031592f0 method=org.objectweb.asm.MethodVisitor.visitVarInsn(II)V @ 13
Event: 16.311 Thread 0x0000000002d16800 Uncommon trap: reason=bimorphic action=maybe_recompile pc=0x000000000319e928 method=org.objectweb.asm.MethodVisitor.visitJumpInsn(ILorg/objectweb/asm/Label;)V @ 13
Event: 16.311 Thread 0x0000000002d16800 Uncommon trap: reason=bimorphic action=maybe_recompile pc=0x00000000031592f0 method=org.objectweb.asm.MethodVisitor.visitVarInsn(II)V @ 13
Event: 16.311 Thread 0x0000000002d16800 Uncommon trap: reason=bimorphic action=maybe_recompile pc=0x000000000319e928 method=org.objectweb.asm.MethodVisitor.visitJumpInsn(ILorg/objectweb/asm/Label;)V @ 13
Event: 16.311 Thread 0x0000000002d16800 Uncommon trap: reason=bimorphic action=maybe_recompile pc=0x00000000031592f0 method=org.objectweb.asm.MethodVisitor.visitVarInsn(II)V @ 13

Classes redefined (0 events):
No events

Internal exceptions (10 events):
Event: 11.662 Thread 0x0000000002d16800 Exception <a 'sun/nio/fs/WindowsException'> (0x00000000ffa67b88) thrown at [D:\src\AOSP-openjdk-cygwin\jdk8u\hotspot\src\share\vm\prims\jni.cpp, line 709]
Event: 11.663 Thread 0x0000000002d16800 Exception <a 'sun/nio/fs/WindowsException'> (0x00000000ffa680b0) thrown at [D:\src\AOSP-openjdk-cygwin\jdk8u\hotspot\src\share\vm\prims\jni.cpp, line 709]
Event: 13.893 Thread 0x0000000002d16800 Exception <a 'sun/nio/fs/WindowsException'> (0x00000000fed497a0) thrown at [D:\src\AOSP-openjdk-cygwin\jdk8u\hotspot\src\share\vm\prims\jni.cpp, line 709]
Event: 13.893 Thread 0x0000000002d16800 Exception <a 'sun/nio/fs/WindowsException'> (0x00000000fed49cc8) thrown at [D:\src\AOSP-openjdk-cygwin\jdk8u\hotspot\src\share\vm\prims\jni.cpp, line 709]
Event: 13.968 Thread 0x0000000002d16800 Exception <a 'sun/nio/fs/WindowsException'> (0x00000000fed4d330) thrown at [D:\src\AOSP-openjdk-cygwin\jdk8u\hotspot\src\share\vm\prims\jni.cpp, line 709]
Event: 13.968 Thread 0x0000000002d16800 Exception <a 'sun/nio/fs/WindowsException'> (0x00000000fed4d858) thrown at [D:\src\AOSP-openjdk-cygwin\jdk8u\hotspot\src\share\vm\prims\jni.cpp, line 709]
Event: 14.659 Thread 0x0000000002d16800 Exception <a 'sun/nio/fs/WindowsException'> (0x00000000fef48348) thrown at [D:\src\AOSP-openjdk-cygwin\jdk8u\hotspot\src\share\vm\prims\jni.cpp, line 709]
Event: 14.659 Thread 0x0000000002d16800 Exception <a 'sun/nio/fs/WindowsException'> (0x00000000fef48870) thrown at [D:\src\AOSP-openjdk-cygwin\jdk8u\hotspot\src\share\vm\prims\jni.cpp, line 709]
Event: 16.135 Thread 0x0000000002d16800 Exception <a 'sun/nio/fs/WindowsException'> (0x00000000fef59308) thrown at [D:\src\AOSP-openjdk-cygwin\jdk8u\hotspot\src\share\vm\prims\jni.cpp, line 709]
Event: 16.135 Thread 0x0000000002d16800 Exception <a 'sun/nio/fs/WindowsException'> (0x00000000fef59830) thrown at [D:\src\AOSP-openjdk-cygwin\jdk8u\hotspot\src\share\vm\prims\jni.cpp, line 709]

Events (10 events):
Event: 16.311 Thread 0x0000000002d16800 DEOPT UNPACKING pc=0x0000000002e5556a sp=0x0000000002c5e4a0 mode 2
Event: 16.311 Thread 0x0000000002d16800 Uncommon trap: trap_request=0xffffffc6 fr.pc=0x00000000031592f0
Event: 16.311 Thread 0x0000000002d16800 DEOPT PACKING pc=0x00000000031592f0 sp=0x0000000002c5e4f0
Event: 16.311 Thread 0x0000000002d16800 DEOPT UNPACKING pc=0x0000000002e5556a sp=0x0000000002c5e4a0 mode 2
Event: 16.311 Thread 0x0000000002d16800 Uncommon trap: trap_request=0xffffffc6 fr.pc=0x000000000319e928
Event: 16.311 Thread 0x0000000002d16800 DEOPT PACKING pc=0x000000000319e928 sp=0x0000000002c5e520
Event: 16.311 Thread 0x0000000002d16800 DEOPT UNPACKING pc=0x0000000002e5556a sp=0x0000000002c5e4a0 mode 2
Event: 16.311 Thread 0x0000000002d16800 Uncommon trap: trap_request=0xffffffc6 fr.pc=0x00000000031592f0
Event: 16.311 Thread 0x0000000002d16800 DEOPT PACKING pc=0x00000000031592f0 sp=0x0000000002c5e4f0
Event: 16.311 Thread 0x0000000002d16800 DEOPT UNPACKING pc=0x0000000002e5556a sp=0x0000000002c5e4a0 mode 2


Dynamic libraries:
0x00007ff781900000 - 0x00007ff781931000 	C:\Program Files\Android\Android Studio\jre\bin\java.exe
0x00007ff9af460000 - 0x00007ff9af63b000 	C:\WINDOWS\SYSTEM32\ntdll.dll
0x00007ff9ad330000 - 0x00007ff9ad3de000 	C:\WINDOWS\System32\KERNEL32.DLL
0x00007ff9ac3e0000 - 0x00007ff9ac629000 	C:\WINDOWS\System32\KERNELBASE.dll
0x00007ff9af3a0000 - 0x00007ff9af441000 	C:\WINDOWS\System32\ADVAPI32.dll
0x00007ff9af2b0000 - 0x00007ff9af34d000 	C:\WINDOWS\System32\msvcrt.dll
0x00007ff9ade10000 - 0x00007ff9ade69000 	C:\WINDOWS\System32\sechost.dll
0x00007ff9ad800000 - 0x00007ff9ad925000 	C:\WINDOWS\System32\RPCRT4.dll
0x00007ff9acf80000 - 0x00007ff9ad0ca000 	C:\WINDOWS\System32\USER32.dll
0x00007ff9ac3c0000 - 0x00007ff9ac3de000 	C:\WINDOWS\System32\win32u.dll
0x00007ff9af350000 - 0x00007ff9af377000 	C:\WINDOWS\System32\GDI32.dll
0x00007ff9ac190000 - 0x00007ff9ac317000 	C:\WINDOWS\System32\gdi32full.dll
0x00007ff9ac320000 - 0x00007ff9ac3ba000 	C:\WINDOWS\System32\msvcp_win.dll
0x00007ff9ac870000 - 0x00007ff9ac966000 	C:\WINDOWS\System32\ucrtbase.dll
0x00007ff9a0b90000 - 0x00007ff9a0df7000 	C:\WINDOWS\WinSxS\amd64_microsoft.windows.common-controls_6595b64144ccf1df_6.0.15063.1058_none_40c74ded29a7bebd\COMCTL32.dll
0x00007ff9ad440000 - 0x00007ff9ad739000 	C:\WINDOWS\System32\combase.dll
0x00007ff9ac630000 - 0x00007ff9ac69a000 	C:\WINDOWS\System32\bcryptPrimitives.dll
0x00007ff9acf50000 - 0x00007ff9acf7d000 	C:\WINDOWS\System32\IMM32.DLL
0x000000006e6e0000 - 0x000000006e7b2000 	C:\Program Files\Android\Android Studio\jre\jre\bin\msvcr100.dll
0x000000006dc80000 - 0x000000006e4be000 	C:\Program Files\Android\Android Studio\jre\jre\bin\server\jvm.dll
0x00007ff9ada50000 - 0x00007ff9ada58000 	C:\WINDOWS\System32\PSAPI.DLL
0x00007ff9a0740000 - 0x00007ff9a0749000 	C:\WINDOWS\SYSTEM32\WSOCK32.dll
0x00007ff9ad0d0000 - 0x00007ff9ad13c000 	C:\WINDOWS\System32\WS2_32.dll
0x00007ff9a31c0000 - 0x00007ff9a31e3000 	C:\WINDOWS\SYSTEM32\WINMM.dll
0x00007ff9a7e70000 - 0x00007ff9a7e7a000 	C:\WINDOWS\SYSTEM32\VERSION.dll
0x00007ff9a3040000 - 0x00007ff9a306b000 	C:\WINDOWS\SYSTEM32\WINMMBASE.dll
0x00007ff9ac970000 - 0x00007ff9ac9b9000 	C:\WINDOWS\System32\cfgmgr32.dll
0x00007ff9a71d0000 - 0x00007ff9a71df000 	C:\Program Files\Android\Android Studio\jre\jre\bin\verify.dll
0x00007ff98cbf0000 - 0x00007ff98cc19000 	C:\Program Files\Android\Android Studio\jre\jre\bin\java.dll
0x00007ff998b60000 - 0x00007ff998b76000 	C:\Program Files\Android\Android Studio\jre\jre\bin\zip.dll
0x00007ff9ade70000 - 0x00007ff9af2a8000 	C:\WINDOWS\System32\SHELL32.dll
0x00007ff9acea0000 - 0x00007ff9acf4a000 	C:\WINDOWS\System32\shcore.dll
0x00007ff9ab9e0000 - 0x00007ff9ac0d1000 	C:\WINDOWS\System32\windows.storage.dll
0x00007ff9adbb0000 - 0x00007ff9adc01000 	C:\WINDOWS\System32\shlwapi.dll
0x00007ff9ab940000 - 0x00007ff9ab951000 	C:\WINDOWS\System32\kernel.appcore.dll
0x00007ff9ab8d0000 - 0x00007ff9ab91c000 	C:\WINDOWS\System32\powrprof.dll
0x00007ff9ab960000 - 0x00007ff9ab975000 	C:\WINDOWS\System32\profapi.dll
0x00007ff9ab320000 - 0x00007ff9ab337000 	C:\WINDOWS\SYSTEM32\CRYPTSP.dll
0x00007ff9aada0000 - 0x00007ff9aadd4000 	C:\WINDOWS\system32\rsaenh.dll
0x00007ff9ab810000 - 0x00007ff9ab835000 	C:\WINDOWS\SYSTEM32\bcrypt.dll
0x00007ff9ab7d0000 - 0x00007ff9ab7f9000 	C:\WINDOWS\SYSTEM32\USERENV.dll
0x00007ff9ab340000 - 0x00007ff9ab34b000 	C:\WINDOWS\SYSTEM32\CRYPTBASE.dll
0x00007ff994060000 - 0x00007ff99407a000 	C:\Program Files\Android\Android Studio\jre\jre\bin\net.dll
0x00007ff9ab180000 - 0x00007ff9ab1dc000 	C:\WINDOWS\system32\mswsock.dll
0x00007ff9aaf20000 - 0x00007ff9aaf57000 	C:\WINDOWS\SYSTEM32\IPHLPAPI.DLL
0x00007ff9af450000 - 0x00007ff9af458000 	C:\WINDOWS\System32\NSI.dll
0x00007ff9a3c90000 - 0x00007ff9a3ca6000 	C:\WINDOWS\SYSTEM32\dhcpcsvc6.DLL
0x00007ff9a4620000 - 0x00007ff9a463a000 	C:\WINDOWS\SYSTEM32\dhcpcsvc.DLL
0x00007ff98cbd0000 - 0x00007ff98cbe1000 	C:\Program Files\Android\Android Studio\jre\jre\bin\nio.dll

VM Arguments:
jvm_args: -Djava.awt.headless=true -Xmx64M -Dfile.encoding=x-windows-949 -Duser.country=US -Duser.language=en -Duser.variant 
java_command: com.google.devtools.build.android.desugar.Desugar --input C:\Users\ilsung\AndroidStudioProjects\SBU_Foodie\app\build\intermediates\transforms\stackFramesFixer\debug\41.jar --output C:\Users\ilsung\AndroidStudioProjects\SBU_Foodie\app\build\intermediates\transforms\desugar\debug\42.jar --input C:\Users\ilsung\AndroidStudioProjects\SBU_Foodie\app\build\intermediates\transforms\stackFramesFixer\debug\29.jar --output C:\Users\ilsung\AndroidStudioProjects\SBU_Foodie\app\build\intermediates\transforms\desugar\debug\30.jar --input C:\Users\ilsung\AndroidStudioProjects\SBU_Foodie\app\build\intermediates\transforms\stackFramesFixer\debug\48.jar --output C:\Users\ilsung\AndroidStudioProjects\SBU_Foodie\app\build\intermediates\transforms\desugar\debug\49.jar --input C:\Users\ilsung\AndroidStudioProjects\SBU_Foodie\app\build\intermediates\transforms\stackFramesFixer\debug\27.jar --output C:\Users\ilsung\AndroidStudioProjects\SBU_Foodie\app\build\intermediates\transforms\desugar\debug\28.jar --input C:\Users\ilsung\AndroidStudioProjects\SBU_Foodie\app\build\intermediates\transforms\stackFramesFixer\debug\9.jar --output C:\Users\ilsung\AndroidStudioProjects\SBU_Foodie\app\build\intermediates\transforms\desugar\debug\10.jar --input C:\Users\ilsung\AndroidStudioProjects\SBU_Foodie\app\build\intermediates\transforms\stackFramesFixer\debug\38.jar --output C:\Users\ilsung\AndroidStudioProjects\SBU_Foodie\app\build\intermediates\transforms\desugar\debug\39.jar --input C:\Users\ilsung\AndroidStudioProjects\SBU_Foodie\app\build\intermediates\transforms\stackFramesFixer\debug\4.jar --output C:\Users\ilsung\AndroidStudioProjects\SBU_Foodie\app\build\intermediates\transforms\desugar\debug\5.jar --input C:\Users\ilsung\AndroidStudioProjects\SBU_Foodie\app\build\intermediates\transforms\stackFramesFixer\debug\45.jar --output C:\Users\ilsung\AndroidStudioProjects\SBU_Foodie\app\build\intermediates\transforms\desugar\debug\46.jar --input C:\Users\ilsung\AndroidStudioProjects\SBU
java_class_path (initial): C:\Users\ilsung\AppData\Local\Temp\desugar_deploy.jar3358941372391429850
Launcher Type: SUN_STANDARD

Environment Variables:
PATH=C:\ProgramData\Oracle\Java\javapath;C:\Program Files (x86)\Intel\iCLS Client\;C:\Program Files\Intel\iCLS Client\;C:\WINDOWS\system32;C:\WINDOWS;C:\WINDOWS\System32\Wbem;C:\WINDOWS\System32\WindowsPowerShell\v1.0\;C:\Program Files\Intel\Intel(R) Management Engine Components\DAL;C:\Program Files\Intel\Intel(R) Management Engine Components\IPT;C:\Program Files (x86)\Intel\Intel(R) Management Engine Components\DAL;C:\Program Files (x86)\Intel\Intel(R) Management Engine Components\IPT;C:\Program Files (x86)\Intel\OpenCL SDK\2.0\bin\x86;C:\Program Files (x86)\Intel\OpenCL SDK\2.0\bin\x64;C:\Program Files\Condusiv Technologies\IntelliMemory\;C:\Program Files (x86)\Windows Live\Shared;C:\Program Files\Intel\WiFi\bin\;C:\Program Files\Common Files\Intel\WirelessCommon\;C:\Users\ilsung\AppData\Roaming\nvm;C:\Program Files\nodejs;C:\Program Files\nodejs\;C:\Program Files\erl9.2\bin;C:\Program Files (x86)\Elixir\bin;C:\WINDOWS\system32\config\systemprofile\.mix\escripts;C:\Program Files\Git\cmd;C:\Users\ilsung\AppData\Local\Programs\Python\Python36-32\;C:\Users\ilsung\AppData\Roaming\npm;C:\Program Files (x86)\SSH Communications Security\SSH Secure Shell;C:\Users\ilsung\AppData\Local\Python\Python36\Scripts;C:\Users\ilsung\AppData\Local\Python\Python36;C:\Users\ilsung\AppData\Local\Python\Python36;C:\Users\ilsung\AppData\Local;C:\Program Files\Java\jdk1.8.0_162\bin;
USERNAME=ilsung
OS=Windows_NT
PROCESSOR_IDENTIFIER=Intel64 Family 6 Model 58 Stepping 9, GenuineIntel



---------------  S Y S T E M  ---------------

OS: Windows 10.0 , 64 bit Build 15063 (10.0.15063.1058)

CPU:total 4 (initial active 4) (2 cores per cpu, 2 threads per core) family 6 model 58 stepping 9, cmov, cx8, fxsr, mmx, sse, sse2, sse3, ssse3, sse4.1, sse4.2, popcnt, avx, clmul, erms, ht, tsc, tscinvbit, tscinv

Memory: 4k page, physical 8001056k(1812168k free), swap 10340764k(1320k free)

vm_info: OpenJDK 64-Bit Server VM (25.152-b01) for windows-amd64 JRE (1.8.0_152-release-915-b01), built by "builder" with MS VC++ 10.0 (VS2010)

time: Fri Jun 22 18:31:30 2018
elapsed time: 16 seconds (0d 0h 0m 16s)

