#
# There is insufficient memory for the Java Runtime Environment to continue.
# Native memory allocation (malloc) failed to allocate 32744 bytes for ChunkPool::allocate
# Possible reasons:
#   The system is out of physical RAM or swap space
#   In 32 bit mode, the process size limit was hit
# Possible solutions:
#   Reduce memory load on the system
#   Increase physical memory or swap space
#   Check if swap backing store is full
#   Use 64 bit Java on a 64 bit OS
#   Decrease Java heap size (-Xmx/-Xms)
#   Decrease number of Java threads
#   Decrease Java thread stack sizes (-Xss)
#   Set larger code cache with -XX:ReservedCodeCacheSize=
# This output file may be truncated or incomplete.
#
#  Out of Memory Error (allocation.cpp:273), pid=9792, tid=0x0000000000000b38
#
# JRE version: OpenJDK Runtime Environment (8.0_152-b01) (build 1.8.0_152-release-915-b01)
# Java VM: OpenJDK 64-Bit Server VM (25.152-b01 mixed mode windows-amd64 compressed oops)
# Failed to write core dump. Minidumps are not enabled by default on client versions of Windows
#

---------------  T H R E A D  ---------------

Current thread (0x000000001448e000):  JavaThread "C1 CompilerThread2" daemon [_thread_in_native, id=2872, stack(0x0000000014c30000,0x0000000014d30000)]

Stack: [0x0000000014c30000,0x0000000014d30000]
[error occurred during error reporting (printing stack bounds), id 0xc0000005]

Native frames: (J=compiled Java code, j=interpreted, Vv=VM code, C=native code)


Current CompileTask:
C1:   4028  823       3       org.objectweb.asm.ClassReader::readCode (3575 bytes)


---------------  P R O C E S S  ---------------

Java Threads: ( => current thread )
  0x0000000014495800 JavaThread "Service Thread" daemon [_thread_blocked, id=20632, stack(0x0000000014d30000,0x0000000014e30000)]
=>0x000000001448e000 JavaThread "C1 CompilerThread2" daemon [_thread_in_native, id=2872, stack(0x0000000014c30000,0x0000000014d30000)]
  0x000000001443c800 JavaThread "C2 CompilerThread1" daemon [_thread_blocked, id=2292, stack(0x0000000014b30000,0x0000000014c30000)]
  0x0000000014439000 JavaThread "C2 CompilerThread0" daemon [_thread_in_native, id=21736, stack(0x0000000014a30000,0x0000000014b30000)]
  0x0000000014438800 JavaThread "Attach Listener" daemon [_thread_blocked, id=13088, stack(0x0000000014930000,0x0000000014a30000)]
  0x0000000012ee4000 JavaThread "Signal Dispatcher" daemon [_thread_blocked, id=18128, stack(0x0000000014830000,0x0000000014930000)]
  0x0000000012ebe800 JavaThread "Finalizer" daemon [_thread_blocked, id=7432, stack(0x0000000014120000,0x0000000014220000)]
  0x0000000002b66800 JavaThread "Reference Handler" daemon [_thread_blocked, id=16888, stack(0x0000000014020000,0x0000000014120000)]
  0x0000000002a76000 JavaThread "main" [_thread_in_Java, id=14368, stack(0x0000000002970000,0x0000000002a70000)]

Other Threads:
  0x0000000012e94000 VMThread [stack: 0x0000000013f20000,0x0000000014020000] [id=6616]
  0x0000000014497800 WatcherThread [stack: 0x0000000014e30000,0x0000000014f30000] [id=3232]

VM state:not at safepoint (normal execution)

VM Mutex/Monitor currently owned by a thread: None

Heap:
 PSYoungGen      total 18944K, used 17843K [0x00000000feb00000, 0x0000000100000000, 0x0000000100000000)
  eden space 16384K, 93% used [0x00000000feb00000,0x00000000ff9ed570,0x00000000ffb00000)
  from space 2560K, 99% used [0x00000000ffb00000,0x00000000ffd7f898,0x00000000ffd80000)
  to   space 2560K, 0% used [0x00000000ffd80000,0x00000000ffd80000,0x0000000100000000)
 ParOldGen       total 44032K, used 1560K [0x00000000fc000000, 0x00000000feb00000, 0x00000000feb00000)
  object space 44032K, 3% used [0x00000000fc000000,0x00000000fc1862a0,0x00000000feb00000)
 Metaspace       used 7506K, capacity 7720K, committed 7936K, reserved 1056768K
  class space    used 864K, capacity 938K, committed 1024K, reserved 1048576K

Card table byte_map: [0x0000000000d10000,0x0000000000d40000] byte_map_base: 0x0000000000530000

Marking Bits: (ParMarkBitMap*) 0x000000006e443950
 Begin Bits: [0x0000000012330000, 0x0000000012430000)
 End Bits:   [0x0000000012430000, 0x0000000012530000)

Polling page: 0x0000000000c90000

CodeCache: size=245760Kb used=2916Kb max_used=2927Kb free=242843Kb
 bounds [0x0000000002b70000, 0x0000000002e50000, 0x0000000011b70000]
 total_blobs=1158 nmethods=823 adapters=249
 compilation: enabled

Compilation events (10 events):
Event: 4.004 Thread 0x000000001448e000 nmethod 818 0x0000000002e478d0 code [0x0000000002e47a80, 0x0000000002e47ed8]
Event: 4.004 Thread 0x000000001448e000  821       3       org.objectweb.asm.Label::resolve (214 bytes)
Event: 4.004 Thread 0x000000001448e000 nmethod 821 0x0000000002e480d0 code [0x0000000002e48260, 0x0000000002e48730]
Event: 4.004 Thread 0x000000001448e000  820       3       org.objectweb.asm.MethodWriter::visitLineNumber (50 bytes)
Event: 4.005 Thread 0x000000001448e000 nmethod 820 0x0000000002e48bd0 code [0x0000000002e48d60, 0x0000000002e49198]
Event: 4.005 Thread 0x000000001448e000  823       3       org.objectweb.asm.ClassReader::readCode (3575 bytes)
Event: 4.010 Thread 0x0000000014439000  827       4       org.objectweb.asm.ClassReader::readUTF8 (60 bytes)
Event: 4.013 Thread 0x000000001443c800  828       4       org.objectweb.asm.ClassReader::readInt (52 bytes)
Event: 4.014 Thread 0x000000001443c800 nmethod 828 0x0000000002e4c090 code [0x0000000002e4c1c0, 0x0000000002e4c2b8]
Event: 4.015 Thread 0x000000001443c800  829       4       org.objectweb.asm.ClassReader::readUTF (194 bytes)

GC Heap History (2 events):
Event: 3.027 GC heap before
{Heap before GC invocations=1 (full 0):
 PSYoungGen      total 18944K, used 16384K [0x00000000feb00000, 0x0000000100000000, 0x0000000100000000)
  eden space 16384K, 100% used [0x00000000feb00000,0x00000000ffb00000,0x00000000ffb00000)
  from space 2560K, 0% used [0x00000000ffd80000,0x00000000ffd80000,0x0000000100000000)
  to   space 2560K, 0% used [0x00000000ffb00000,0x00000000ffb00000,0x00000000ffd80000)
 ParOldGen       total 44032K, used 0K [0x00000000fc000000, 0x00000000feb00000, 0x00000000feb00000)
  object space 44032K, 0% used [0x00000000fc000000,0x00000000fc000000,0x00000000feb00000)
 Metaspace       used 6775K, capacity 6938K, committed 7040K, reserved 1056768K
  class space    used 796K, capacity 871K, committed 896K, reserved 1048576K
Event: 3.032 GC heap after
Heap after GC invocations=1 (full 0):
 PSYoungGen      total 18944K, used 2558K [0x00000000feb00000, 0x0000000100000000, 0x0000000100000000)
  eden space 16384K, 0% used [0x00000000feb00000,0x00000000feb00000,0x00000000ffb00000)
  from space 2560K, 99% used [0x00000000ffb00000,0x00000000ffd7f898,0x00000000ffd80000)
  to   space 2560K, 0% used [0x00000000ffd80000,0x00000000ffd80000,0x0000000100000000)
 ParOldGen       total 44032K, used 1560K [0x00000000fc000000, 0x00000000feb00000, 0x00000000feb00000)
  object space 44032K, 3% used [0x00000000fc000000,0x00000000fc1862a0,0x00000000feb00000)
 Metaspace       used 6775K, capacity 6938K, committed 7040K, reserved 1056768K
  class space    used 796K, capacity 871K, committed 896K, reserved 1048576K
}

Deoptimization events (10 events):
Event: 2.988 Thread 0x0000000002a76000 Uncommon trap: reason=unstable_if action=reinterpret pc=0x0000000002db0780 method=java.util.zip.ZipCoder.decoder()Ljava/nio/charset/CharsetDecoder; @ 4
Event: 2.988 Thread 0x0000000002a76000 Uncommon trap: reason=unstable_if action=reinterpret pc=0x0000000002da8258 method=java.util.zip.ZipEntry.setExtra0([BZ)V @ 1
Event: 2.992 Thread 0x0000000002a76000 Uncommon trap: reason=unstable_if action=reinterpret pc=0x0000000002dac448 method=java.util.zip.ZipFile$ZipEntryIterator.hasNext()Z @ 25
Event: 2.992 Thread 0x0000000002a76000 Uncommon trap: reason=unstable_if action=reinterpret pc=0x0000000002db5638 method=java.util.zip.ZipCoder.decoder()Ljava/nio/charset/CharsetDecoder; @ 4
Event: 2.995 Thread 0x0000000002a76000 Uncommon trap: reason=unstable_if action=reinterpret pc=0x0000000002dacb9c method=java.util.zip.ZipFile$ZipEntryIterator.hasNext()Z @ 25
Event: 2.995 Thread 0x0000000002a76000 Uncommon trap: reason=unstable_if action=reinterpret pc=0x0000000002db322c method=java.util.zip.ZipCoder.decoder()Ljava/nio/charset/CharsetDecoder; @ 4
Event: 3.143 Thread 0x0000000002a76000 Uncommon trap: reason=unstable_if action=reinterpret pc=0x0000000002db7d2c method=java.util.zip.ZipCoder.decoder()Ljava/nio/charset/CharsetDecoder; @ 4
Event: 3.148 Thread 0x0000000002a76000 Uncommon trap: reason=unstable_if action=reinterpret pc=0x0000000002da8c18 method=java.util.zip.ZipCoder.decoder()Ljava/nio/charset/CharsetDecoder; @ 4
Event: 3.149 Thread 0x0000000002a76000 Uncommon trap: reason=unstable_if action=reinterpret pc=0x0000000002dabbc0 method=java.util.zip.ZipCoder.decoder()Ljava/nio/charset/CharsetDecoder; @ 4
Event: 3.654 Thread 0x0000000002a76000 Uncommon trap: reason=unloaded action=reinterpret pc=0x0000000002da637c method=java.util.zip.ZipEntry.setExtra0([BZ)V @ 37

Classes redefined (0 events):
No events

Internal exceptions (10 events):
Event: 3.142 Thread 0x0000000002a76000 Implicit null exception at 0x0000000002db7353 to 0x0000000002db7cf1
Event: 3.148 Thread 0x0000000002a76000 Implicit null exception at 0x0000000002da8639 to 0x0000000002da8bf5
Event: 3.149 Thread 0x0000000002a76000 Implicit null exception at 0x0000000002dab77d to 0x0000000002dabbb1
Event: 3.391 Thread 0x0000000002a76000 Exception <a 'sun/nio/fs/WindowsException'> (0x00000000ff2184d0) thrown at [D:\src\AOSP-openjdk-cygwin\jdk8u\hotspot\src\share\vm\prims\jni.cpp, line 709]
Event: 3.391 Thread 0x0000000002a76000 Exception <a 'sun/nio/fs/WindowsException'> (0x00000000ff218aa0) thrown at [D:\src\AOSP-openjdk-cygwin\jdk8u\hotspot\src\share\vm\prims\jni.cpp, line 709]
Event: 3.391 Thread 0x0000000002a76000 Exception <a 'sun/nio/fs/WindowsException'> (0x00000000ff219080) thrown at [D:\src\AOSP-openjdk-cygwin\jdk8u\hotspot\src\share\vm\prims\jni.cpp, line 709]
Event: 3.391 Thread 0x0000000002a76000 Exception <a 'sun/nio/fs/WindowsException'> (0x00000000ff219850) thrown at [D:\src\AOSP-openjdk-cygwin\jdk8u\hotspot\src\share\vm\prims\jni.cpp, line 709]
Event: 3.400 Thread 0x0000000002a76000 Exception <a 'sun/nio/fs/WindowsException'> (0x00000000ff21e808) thrown at [D:\src\AOSP-openjdk-cygwin\jdk8u\hotspot\src\share\vm\prims\jni.cpp, line 709]
Event: 3.745 Thread 0x0000000002a76000 Exception <a 'sun/nio/fs/WindowsException'> (0x00000000ff7bf670) thrown at [D:\src\AOSP-openjdk-cygwin\jdk8u\hotspot\src\share\vm\prims\jni.cpp, line 709]
Event: 3.745 Thread 0x0000000002a76000 Exception <a 'sun/nio/fs/WindowsException'> (0x00000000ff7bfc18) thrown at [D:\src\AOSP-openjdk-cygwin\jdk8u\hotspot\src\share\vm\prims\jni.cpp, line 709]

Events (10 events):
Event: 3.883 loading class sun/util/calendar/CalendarUtils
Event: 3.883 loading class sun/util/calendar/CalendarUtils done
Event: 3.883 loading class java/util/zip/ZipOutputStream$XEntry
Event: 3.883 loading class java/util/zip/ZipOutputStream$XEntry done
Event: 3.885 loading class org/objectweb/asm/Edge
Event: 3.885 loading class org/objectweb/asm/Edge done
Event: 3.903 loading class org/objectweb/asm/Opcodes
Event: 3.903 loading class org/objectweb/asm/Opcodes done
Event: 3.999 loading class org/objectweb/asm/Handler
Event: 3.999 loading class org/objectweb/asm/Handler done


Dynamic libraries:
0x00007ff771ae0000 - 0x00007ff771b11000 	C:\Program Files\Android\Android Studio\jre\bin\java.exe
0x00007ff9af460000 - 0x00007ff9af63b000 	C:\WINDOWS\SYSTEM32\ntdll.dll
0x00007ff9ad330000 - 0x00007ff9ad3de000 	C:\WINDOWS\System32\KERNEL32.DLL
0x00007ff9ac3e0000 - 0x00007ff9ac629000 	C:\WINDOWS\System32\KERNELBASE.dll
0x00007ff9af3a0000 - 0x00007ff9af441000 	C:\WINDOWS\System32\ADVAPI32.dll
0x00007ff9af2b0000 - 0x00007ff9af34d000 	C:\WINDOWS\System32\msvcrt.dll
0x00007ff9ade10000 - 0x00007ff9ade69000 	C:\WINDOWS\System32\sechost.dll
0x00007ff9ad800000 - 0x00007ff9ad925000 	C:\WINDOWS\System32\RPCRT4.dll
0x00007ff9acf80000 - 0x00007ff9ad0ca000 	C:\WINDOWS\System32\USER32.dll
0x00007ff9ac3c0000 - 0x00007ff9ac3de000 	C:\WINDOWS\System32\win32u.dll
0x00007ff9af350000 - 0x00007ff9af377000 	C:\WINDOWS\System32\GDI32.dll
0x00007ff9ac190000 - 0x00007ff9ac317000 	C:\WINDOWS\System32\gdi32full.dll
0x00007ff9ac320000 - 0x00007ff9ac3ba000 	C:\WINDOWS\System32\msvcp_win.dll
0x00007ff9ac870000 - 0x00007ff9ac966000 	C:\WINDOWS\System32\ucrtbase.dll
0x00007ff9a0b90000 - 0x00007ff9a0df7000 	C:\WINDOWS\WinSxS\amd64_microsoft.windows.common-controls_6595b64144ccf1df_6.0.15063.1058_none_40c74ded29a7bebd\COMCTL32.dll
0x00007ff9ad440000 - 0x00007ff9ad739000 	C:\WINDOWS\System32\combase.dll
0x00007ff9ac630000 - 0x00007ff9ac69a000 	C:\WINDOWS\System32\bcryptPrimitives.dll
0x00007ff9acf50000 - 0x00007ff9acf7d000 	C:\WINDOWS\System32\IMM32.DLL
0x000000006e6e0000 - 0x000000006e7b2000 	C:\Program Files\Android\Android Studio\jre\jre\bin\msvcr100.dll
0x000000006dc80000 - 0x000000006e4be000 	C:\Program Files\Android\Android Studio\jre\jre\bin\server\jvm.dll
0x00007ff9ada50000 - 0x00007ff9ada58000 	C:\WINDOWS\System32\PSAPI.DLL
0x00007ff9a0740000 - 0x00007ff9a0749000 	C:\WINDOWS\SYSTEM32\WSOCK32.dll
0x00007ff9ad0d0000 - 0x00007ff9ad13c000 	C:\WINDOWS\System32\WS2_32.dll
0x00007ff9a31c0000 - 0x00007ff9a31e3000 	C:\WINDOWS\SYSTEM32\WINMM.dll
0x00007ff9a7e70000 - 0x00007ff9a7e7a000 	C:\WINDOWS\SYSTEM32\VERSION.dll
0x00007ff9a3040000 - 0x00007ff9a306b000 	C:\WINDOWS\SYSTEM32\WINMMBASE.dll
0x00007ff9ac970000 - 0x00007ff9ac9b9000 	C:\WINDOWS\System32\cfgmgr32.dll
0x00007ff9a8120000 - 0x00007ff9a812f000 	C:\Program Files\Android\Android Studio\jre\jre\bin\verify.dll
0x00007ff9a80c0000 - 0x00007ff9a80e9000 	C:\Program Files\Android\Android Studio\jre\jre\bin\java.dll
0x00007ff9a8010000 - 0x00007ff9a8026000 	C:\Program Files\Android\Android Studio\jre\jre\bin\zip.dll
0x00007ff9ade70000 - 0x00007ff9af2a8000 	C:\WINDOWS\System32\SHELL32.dll
0x00007ff9acea0000 - 0x00007ff9acf4a000 	C:\WINDOWS\System32\shcore.dll
0x00007ff9ab9e0000 - 0x00007ff9ac0d1000 	C:\WINDOWS\System32\windows.storage.dll
0x00007ff9adbb0000 - 0x00007ff9adc01000 	C:\WINDOWS\System32\shlwapi.dll
0x00007ff9ab940000 - 0x00007ff9ab951000 	C:\WINDOWS\System32\kernel.appcore.dll
0x00007ff9ab8d0000 - 0x00007ff9ab91c000 	C:\WINDOWS\System32\powrprof.dll
0x00007ff9ab960000 - 0x00007ff9ab975000 	C:\WINDOWS\System32\profapi.dll
0x00007ff9ab320000 - 0x00007ff9ab337000 	C:\WINDOWS\SYSTEM32\CRYPTSP.dll
0x00007ff9aada0000 - 0x00007ff9aadd4000 	C:\WINDOWS\system32\rsaenh.dll
0x00007ff9ab810000 - 0x00007ff9ab835000 	C:\WINDOWS\SYSTEM32\bcrypt.dll
0x00007ff9ab7d0000 - 0x00007ff9ab7f9000 	C:\WINDOWS\SYSTEM32\USERENV.dll
0x00007ff9ab340000 - 0x00007ff9ab34b000 	C:\WINDOWS\SYSTEM32\CRYPTBASE.dll
0x00007ff9a2c40000 - 0x00007ff9a2c5a000 	C:\Program Files\Android\Android Studio\jre\jre\bin\net.dll
0x00007ff9ab180000 - 0x00007ff9ab1dc000 	C:\WINDOWS\system32\mswsock.dll
0x00007ff9aaf20000 - 0x00007ff9aaf57000 	C:\WINDOWS\SYSTEM32\IPHLPAPI.DLL
0x00007ff9af450000 - 0x00007ff9af458000 	C:\WINDOWS\System32\NSI.dll
0x00007ff9a3c90000 - 0x00007ff9a3ca6000 	C:\WINDOWS\SYSTEM32\dhcpcsvc6.DLL
0x00007ff9a4620000 - 0x00007ff9a463a000 	C:\WINDOWS\SYSTEM32\dhcpcsvc.DLL
0x00007ff99a2b0000 - 0x00007ff99a2c1000 	C:\Program Files\Android\Android Studio\jre\jre\bin\nio.dll

VM Arguments:
jvm_args: -Djava.awt.headless=true -Xmx64M -Dfile.encoding=x-windows-949 -Duser.country=US -Duser.language=en -Duser.variant 
java_command: com.google.devtools.build.android.desugar.Desugar --input C:\Users\ilsung\AndroidStudioProjects\SBU_Foodie\app\build\intermediates\transforms\stackFramesFixer\debug\29.jar --output C:\Users\ilsung\AndroidStudioProjects\SBU_Foodie\app\build\intermediates\transforms\desugar\debug\30.jar --input C:\Users\ilsung\AndroidStudioProjects\SBU_Foodie\app\build\intermediates\transforms\stackFramesFixer\debug\48.jar --output C:\Users\ilsung\AndroidStudioProjects\SBU_Foodie\app\build\intermediates\transforms\desugar\debug\49.jar --input C:\Users\ilsung\AndroidStudioProjects\SBU_Foodie\app\build\intermediates\transforms\stackFramesFixer\debug\22.jar --output C:\Users\ilsung\AndroidStudioProjects\SBU_Foodie\app\build\intermediates\transforms\desugar\debug\23.jar --input C:\Users\ilsung\AndroidStudioProjects\SBU_Foodie\app\build\intermediates\transforms\stackFramesFixer\debug\8.jar --output C:\Users\ilsung\AndroidStudioProjects\SBU_Foodie\app\build\intermediates\transforms\desugar\debug\9.jar --input C:\Users\ilsung\AndroidStudioProjects\SBU_Foodie\app\build\intermediates\transforms\stackFramesFixer\debug\32.jar --output C:\Users\ilsung\AndroidStudioProjects\SBU_Foodie\app\build\intermediates\transforms\desugar\debug\33.jar --input C:\Users\ilsung\AndroidStudioProjects\SBU_Foodie\app\build\intermediates\transforms\stackFramesFixer\debug\4.jar --output C:\Users\ilsung\AndroidStudioProjects\SBU_Foodie\app\build\intermediates\transforms\desugar\debug\5.jar --input C:\Users\ilsung\AndroidStudioProjects\SBU_Foodie\app\build\intermediates\transforms\stackFramesFixer\debug\30.jar --output C:\Users\ilsung\AndroidStudioProjects\SBU_Foodie\app\build\intermediates\transforms\desugar\debug\31.jar --input C:\Users\ilsung\AndroidStudioProjects\SBU_Foodie\app\build\intermediates\transforms\stackFramesFixer\debug\17.jar --output C:\Users\ilsung\AndroidStudioProjects\SBU_Foodie\app\build\intermediates\transforms\desugar\debug\18.jar --input C:\Users\ilsung\AndroidStudioProjects\SBU_
java_class_path (initial): C:\Users\ilsung\AppData\Local\Temp\desugar_deploy.jar5194548588394778911
Launcher Type: SUN_STANDARD

Environment Variables:
PATH=C:\ProgramData\Oracle\Java\javapath;C:\Program Files (x86)\Intel\iCLS Client\;C:\Program Files\Intel\iCLS Client\;C:\WINDOWS\system32;C:\WINDOWS;C:\WINDOWS\System32\Wbem;C:\WINDOWS\System32\WindowsPowerShell\v1.0\;C:\Program Files\Intel\Intel(R) Management Engine Components\DAL;C:\Program Files\Intel\Intel(R) Management Engine Components\IPT;C:\Program Files (x86)\Intel\Intel(R) Management Engine Components\DAL;C:\Program Files (x86)\Intel\Intel(R) Management Engine Components\IPT;C:\Program Files (x86)\Intel\OpenCL SDK\2.0\bin\x86;C:\Program Files (x86)\Intel\OpenCL SDK\2.0\bin\x64;C:\Program Files\Condusiv Technologies\IntelliMemory\;C:\Program Files (x86)\Windows Live\Shared;C:\Program Files\Intel\WiFi\bin\;C:\Program Files\Common Files\Intel\WirelessCommon\;C:\Users\ilsung\AppData\Roaming\nvm;C:\Program Files\nodejs;C:\Program Files\nodejs\;C:\Program Files\erl9.2\bin;C:\Program Files (x86)\Elixir\bin;C:\WINDOWS\system32\config\systemprofile\.mix\escripts;C:\Program Files\Git\cmd;C:\Users\ilsung\AppData\Local\Programs\Python\Python36-32\;C:\Users\ilsung\AppData\Roaming\npm;C:\Program Files (x86)\SSH Communications Security\SSH Secure Shell;C:\Users\ilsung\AppData\Local\Python\Python36\Scripts;C:\Users\ilsung\AppData\Local\Python\Python36;C:\Users\ilsung\AppData\Local\Python\Python36;C:\Users\ilsung\AppData\Local;C:\Program Files\Java\jdk1.8.0_162\bin;
USERNAME=ilsung
OS=Windows_NT
PROCESSOR_IDENTIFIER=Intel64 Family 6 Model 58 Stepping 9, GenuineIntel



---------------  S Y S T E M  ---------------

OS: Windows 10.0 , 64 bit Build 15063 (10.0.15063.1058)

CPU:total 4 (initial active 4) (2 cores per cpu, 2 threads per core) family 6 model 58 stepping 9, cmov, cx8, fxsr, mmx, sse, sse2, sse3, ssse3, sse4.1, sse4.2, popcnt, avx, clmul, erms, ht, tsc, tscinvbit, tscinv

Memory: 4k page, physical 8001056k(1316080k free), swap 10966628k(828k free)

vm_info: OpenJDK 64-Bit Server VM (25.152-b01) for windows-amd64 JRE (1.8.0_152-release-915-b01), built by "builder" with MS VC++ 10.0 (VS2010)

time: Sat Jun 16 23:40:50 2018
elapsed time: 4 seconds (0d 0h 0m 4s)

