#
# There is insufficient memory for the Java Runtime Environment to continue.
# Native memory allocation (malloc) failed to allocate 643456 bytes for Chunk::new
# Possible reasons:
#   The system is out of physical RAM or swap space
#   In 32 bit mode, the process size limit was hit
# Possible solutions:
#   Reduce memory load on the system
#   Increase physical memory or swap space
#   Check if swap backing store is full
#   Use 64 bit Java on a 64 bit OS
#   Decrease Java heap size (-Xmx/-Xms)
#   Decrease number of Java threads
#   Decrease Java thread stack sizes (-Xss)
#   Set larger code cache with -XX:ReservedCodeCacheSize=
# This output file may be truncated or incomplete.
#
#  Out of Memory Error (allocation.cpp:390), pid=15216, tid=0x00000000000044cc
#
# JRE version: OpenJDK Runtime Environment (8.0_152-b01) (build 1.8.0_152-release-915-b01)
# Java VM: OpenJDK 64-Bit Server VM (25.152-b01 mixed mode windows-amd64 compressed oops)
# Failed to write core dump. Minidumps are not enabled by default on client versions of Windows
#

---------------  T H R E A D  ---------------

Current thread (0x00000000131ed800):  JavaThread "C2 CompilerThread0" daemon [_thread_in_native, id=17612, stack(0x0000000014cd0000,0x0000000014dd0000)]

Stack: [0x0000000014cd0000,0x0000000014dd0000]
[error occurred during error reporting (printing stack bounds), id 0xc0000005]

Native frames: (J=compiled Java code, j=interpreted, Vv=VM code, C=native code)


Current CompileTask:
C2:  35016 1102       4       org.objectweb.asm.ClassReader::readCode (3575 bytes)


---------------  P R O C E S S  ---------------

Java Threads: ( => current thread )
  0x000000001473a000 JavaThread "Service Thread" daemon [_thread_blocked, id=20364, stack(0x0000000014fd0000,0x00000000150d0000)]
  0x000000001472f800 JavaThread "C1 CompilerThread2" daemon [_thread_blocked, id=12948, stack(0x0000000014ed0000,0x0000000014fd0000)]
  0x00000000146db000 JavaThread "C2 CompilerThread1" daemon [_thread_in_native, id=16052, stack(0x0000000014dd0000,0x0000000014ed0000)]
=>0x00000000131ed800 JavaThread "C2 CompilerThread0" daemon [_thread_in_native, id=17612, stack(0x0000000014cd0000,0x0000000014dd0000)]
  0x00000000131a0800 JavaThread "Attach Listener" daemon [_thread_blocked, id=10428, stack(0x0000000014bd0000,0x0000000014cd0000)]
  0x00000000146d8800 JavaThread "Signal Dispatcher" daemon [_thread_blocked, id=19628, stack(0x0000000014ad0000,0x0000000014bd0000)]
  0x0000000002e2a800 JavaThread "Finalizer" daemon [_thread_blocked, id=18844, stack(0x00000000143e0000,0x00000000144e0000)]
  0x0000000002e25800 JavaThread "Reference Handler" daemon [_thread_blocked, id=11608, stack(0x00000000142e0000,0x00000000143e0000)]
  0x0000000002d35000 JavaThread "main" [_thread_in_vm, id=15736, stack(0x0000000002810000,0x0000000002910000)]

Other Threads:
  0x0000000013154800 VMThread [stack: 0x00000000141e0000,0x00000000142e0000] [id=20316]
  0x000000001473c000 WatcherThread [stack: 0x00000000150d0000,0x00000000151d0000] [id=20096]

VM state:not at safepoint (normal execution)

VM Mutex/Monitor currently owned by a thread:  ([mutex/lock_event])
[0x0000000002d31fd0] CompiledIC_lock - owner thread: 0x0000000002d35000

Heap:
 PSYoungGen      total 18944K, used 8659K [0x00000000feb00000, 0x0000000100000000, 0x0000000100000000)
  eden space 16384K, 37% used [0x00000000feb00000,0x00000000ff0f5770,0x00000000ffb00000)
  from space 2560K, 99% used [0x00000000ffb00000,0x00000000ffd7f510,0x00000000ffd80000)
  to   space 2560K, 0% used [0x00000000ffd80000,0x00000000ffd80000,0x0000000100000000)
 ParOldGen       total 44032K, used 5796K [0x00000000fc000000, 0x00000000feb00000, 0x00000000feb00000)
  object space 44032K, 13% used [0x00000000fc000000,0x00000000fc5a9168,0x00000000feb00000)
 Metaspace       used 7997K, capacity 8360K, committed 8576K, reserved 1056768K
  class space    used 890K, capacity 1046K, committed 1152K, reserved 1048576K

Card table byte_map: [0x0000000002920000,0x0000000002950000] byte_map_base: 0x0000000002140000

Marking Bits: (ParMarkBitMap*) 0x000000006e443950
 Begin Bits: [0x00000000125f0000, 0x00000000126f0000)
 End Bits:   [0x00000000126f0000, 0x00000000127f0000)

Polling page: 0x0000000000a70000

CodeCache: size=245760Kb used=4535Kb max_used=4535Kb free=241224Kb
 bounds [0x0000000002e30000, 0x00000000032b0000, 0x0000000011e30000]
 total_blobs=1447 nmethods=1118 adapters=243
 compilation: enabled

Compilation events (10 events):
Event: 34.960 Thread 0x000000001472f800 1118       3       org.objectweb.asm.Type::getType (269 bytes)
Event: 34.961 Thread 0x000000001472f800 nmethod 1118 0x000000000329f050 code [0x000000000329f240, 0x000000000329fb30]
Event: 34.961 Thread 0x000000001472f800 1119       3       org.objectweb.asm.AnnotationWriter::<init> (34 bytes)
Event: 34.962 Thread 0x000000001472f800 nmethod 1119 0x000000000328cf50 code [0x000000000328d0c0, 0x000000000328d348]
Event: 34.962 Thread 0x000000001472f800 1120       3       org.objectweb.asm.ClassReader::readAnnotationValues (75 bytes)
Event: 34.963 Thread 0x000000001472f800 nmethod 1120 0x000000000329ff10 code [0x00000000032a00e0, 0x00000000032a07b8]
Event: 34.965 Thread 0x000000001472f800 1121       3       org.objectweb.asm.AnnotationWriter::getSize (28 bytes)
Event: 34.966 Thread 0x000000001472f800 nmethod 1121 0x000000000328ca10 code [0x000000000328cb80, 0x000000000328cd90]
Event: 34.977 Thread 0x000000001472f800 1123       3       org.objectweb.asm.Type::getArgumentTypes (131 bytes)
Event: 34.978 Thread 0x000000001472f800 nmethod 1123 0x00000000032a0ad0 code [0x00000000032a0ca0, 0x00000000032a1578]

GC Heap History (6 events):
Event: 8.697 GC heap before
{Heap before GC invocations=1 (full 0):
 PSYoungGen      total 18944K, used 16384K [0x00000000feb00000, 0x0000000100000000, 0x0000000100000000)
  eden space 16384K, 100% used [0x00000000feb00000,0x00000000ffb00000,0x00000000ffb00000)
  from space 2560K, 0% used [0x00000000ffd80000,0x00000000ffd80000,0x0000000100000000)
  to   space 2560K, 0% used [0x00000000ffb00000,0x00000000ffb00000,0x00000000ffd80000)
 ParOldGen       total 44032K, used 0K [0x00000000fc000000, 0x00000000feb00000, 0x00000000feb00000)
  object space 44032K, 0% used [0x00000000fc000000,0x00000000fc000000,0x00000000feb00000)
 Metaspace       used 6776K, capacity 6938K, committed 7040K, reserved 1056768K
  class space    used 796K, capacity 871K, committed 896K, reserved 1048576K
Event: 8.756 GC heap after
Heap after GC invocations=1 (full 0):
 PSYoungGen      total 18944K, used 2537K [0x00000000feb00000, 0x0000000100000000, 0x0000000100000000)
  eden space 16384K, 0% used [0x00000000feb00000,0x00000000feb00000,0x00000000ffb00000)
  from space 2560K, 99% used [0x00000000ffb00000,0x00000000ffd7a620,0x00000000ffd80000)
  to   space 2560K, 0% used [0x00000000ffd80000,0x00000000ffd80000,0x0000000100000000)
 ParOldGen       total 44032K, used 1650K [0x00000000fc000000, 0x00000000feb00000, 0x00000000feb00000)
  object space 44032K, 3% used [0x00000000fc000000,0x00000000fc19cb70,0x00000000feb00000)
 Metaspace       used 6776K, capacity 6938K, committed 7040K, reserved 1056768K
  class space    used 796K, capacity 871K, committed 896K, reserved 1048576K
}
Event: 10.569 GC heap before
{Heap before GC invocations=2 (full 0):
 PSYoungGen      total 18944K, used 18921K [0x00000000feb00000, 0x0000000100000000, 0x0000000100000000)
  eden space 16384K, 100% used [0x00000000feb00000,0x00000000ffb00000,0x00000000ffb00000)
  from space 2560K, 99% used [0x00000000ffb00000,0x00000000ffd7a620,0x00000000ffd80000)
  to   space 2560K, 0% used [0x00000000ffd80000,0x00000000ffd80000,0x0000000100000000)
 ParOldGen       total 44032K, used 1650K [0x00000000fc000000, 0x00000000feb00000, 0x00000000feb00000)
  object space 44032K, 3% used [0x00000000fc000000,0x00000000fc19cb70,0x00000000feb00000)
 Metaspace       used 7018K, capacity 7240K, committed 7424K, reserved 1056768K
  class space    used 819K, capacity 906K, committed 1024K, reserved 1048576K
Event: 10.582 GC heap after
Heap after GC invocations=2 (full 0):
 PSYoungGen      total 18944K, used 2557K [0x00000000feb00000, 0x0000000100000000, 0x0000000100000000)
  eden space 16384K, 0% used [0x00000000feb00000,0x00000000feb00000,0x00000000ffb00000)
  from space 2560K, 99% used [0x00000000ffd80000,0x00000000fffff510,0x0000000100000000)
  to   space 2560K, 0% used [0x00000000ffb00000,0x00000000ffb00000,0x00000000ffd80000)
 ParOldGen       total 44032K, used 5277K [0x00000000fc000000, 0x00000000feb00000, 0x00000000feb00000)
  object space 44032K, 11% used [0x00000000fc000000,0x00000000fc527418,0x00000000feb00000)
 Metaspace       used 7018K, capacity 7240K, committed 7424K, reserved 1056768K
  class space    used 819K, capacity 906K, committed 1024K, reserved 1048576K
}
Event: 33.039 GC heap before
{Heap before GC invocations=3 (full 0):
 PSYoungGen      total 18944K, used 18941K [0x00000000feb00000, 0x0000000100000000, 0x0000000100000000)
  eden space 16384K, 100% used [0x00000000feb00000,0x00000000ffb00000,0x00000000ffb00000)
  from space 2560K, 99% used [0x00000000ffd80000,0x00000000fffff510,0x0000000100000000)
  to   space 2560K, 0% used [0x00000000ffb00000,0x00000000ffb00000,0x00000000ffd80000)
 ParOldGen       total 44032K, used 5277K [0x00000000fc000000, 0x00000000feb00000, 0x00000000feb00000)
  object space 44032K, 11% used [0x00000000fc000000,0x00000000fc527418,0x00000000feb00000)
 Metaspace       used 7545K, capacity 7816K, committed 7936K, reserved 1056768K
  class space    used 855K, capacity 970K, committed 1024K, reserved 1048576K
Event: 33.110 GC heap after
Heap after GC invocations=3 (full 0):
 PSYoungGen      total 18944K, used 2557K [0x00000000feb00000, 0x0000000100000000, 0x0000000100000000)
  eden space 16384K, 0% used [0x00000000feb00000,0x00000000feb00000,0x00000000ffb00000)
  from space 2560K, 99% used [0x00000000ffb00000,0x00000000ffd7f510,0x00000000ffd80000)
  to   space 2560K, 0% used [0x00000000ffd80000,0x00000000ffd80000,0x0000000100000000)
 ParOldGen       total 44032K, used 5796K [0x00000000fc000000, 0x00000000feb00000, 0x00000000feb00000)
  object space 44032K, 13% used [0x00000000fc000000,0x00000000fc5a9168,0x00000000feb00000)
 Metaspace       used 7545K, capacity 7816K, committed 7936K, reserved 1056768K
  class space    used 855K, capacity 970K, committed 1024K, reserved 1048576K
}

Deoptimization events (10 events):
Event: 34.719 Thread 0x0000000002d35000 Uncommon trap: reason=class_check action=maybe_recompile pc=0x00000000031a0518 method=org.objectweb.asm.ClassWriter.newConstItem(Ljava/lang/Object;)Lorg/objectweb/asm/Item; @ 1
Event: 34.724 Thread 0x0000000002d35000 Uncommon trap: reason=bimorphic action=maybe_recompile pc=0x000000000317c584 method=org.objectweb.asm.ClassReader.readField(Lorg/objectweb/asm/ClassVisitor;Lorg/objectweb/asm/Context;I)I @ 351
Event: 34.724 Thread 0x0000000002d35000 Uncommon trap: reason=unstable_if action=reinterpret pc=0x00000000031164d8 method=java.lang.String.<init>([CII)V @ 18
Event: 34.740 Thread 0x0000000002d35000 Uncommon trap: reason=unstable_if action=reinterpret pc=0x00000000031ce404 method=org.objectweb.asm.MethodWriter.visitInsn(I)V @ 99
Event: 34.744 Thread 0x0000000002d35000 Uncommon trap: reason=unstable_if action=reinterpret pc=0x00000000031ab620 method=org.objectweb.asm.FieldWriter.<init>(Lorg/objectweb/asm/ClassWriter;ILjava/lang/String;Ljava/lang/String;Ljava/lang/String;Ljava/lang/Object;)V @ 65
Event: 34.744 Thread 0x0000000002d35000 Uncommon trap: reason=unstable_if action=reinterpret pc=0x00000000031ad0e4 method=org.objectweb.asm.FieldWriter.<init>(Lorg/objectweb/asm/ClassWriter;ILjava/lang/String;Ljava/lang/String;Ljava/lang/String;Ljava/lang/Object;)V @ 65
Event: 34.783 Thread 0x0000000002d35000 Uncommon trap: reason=unstable_if action=reinterpret pc=0x00000000031df990 method=org.objectweb.asm.MethodWriter.visitIntInsn(II)V @ 85
Event: 34.805 Thread 0x0000000002d35000 Uncommon trap: reason=unstable_if action=reinterpret pc=0x00000000031ab0c0 method=org.objectweb.asm.FieldWriter.getSize()I @ 99
Event: 34.805 Thread 0x0000000002d35000 Uncommon trap: reason=unstable_if action=reinterpret pc=0x00000000031b2f20 method=org.objectweb.asm.FieldWriter.put(Lorg/objectweb/asm/ByteVector;)V @ 113
Event: 34.936 Thread 0x0000000002d35000 Uncommon trap: reason=unstable_if action=reinterpret pc=0x000000000328fd94 method=org.objectweb.asm.ClassWriter.newConstItem(Ljava/lang/Object;)Lorg/objectweb/asm/Item; @ 117

Classes redefined (0 events):
No events

Internal exceptions (10 events):
Event: 34.373 Thread 0x0000000002d35000 Exception <a 'sun/nio/fs/WindowsException'> (0x00000000fec17290) thrown at [D:\src\AOSP-openjdk-cygwin\jdk8u\hotspot\src\share\vm\prims\jni.cpp, line 709]
Event: 34.446 Thread 0x0000000002d35000 Exception <a 'sun/nio/fs/WindowsException'> (0x00000000fec29b00) thrown at [D:\src\AOSP-openjdk-cygwin\jdk8u\hotspot\src\share\vm\prims\jni.cpp, line 709]
Event: 34.464 Thread 0x0000000002d35000 Exception <a 'sun/nio/fs/WindowsException'> (0x00000000fec399b0) thrown at [D:\src\AOSP-openjdk-cygwin\jdk8u\hotspot\src\share\vm\prims\jni.cpp, line 709]
Event: 34.482 Thread 0x0000000002d35000 Exception <a 'sun/nio/fs/WindowsException'> (0x00000000fec491a0) thrown at [D:\src\AOSP-openjdk-cygwin\jdk8u\hotspot\src\share\vm\prims\jni.cpp, line 709]
Event: 34.511 Thread 0x0000000002d35000 Exception <a 'sun/nio/fs/WindowsException'> (0x00000000fec4d1e0) thrown at [D:\src\AOSP-openjdk-cygwin\jdk8u\hotspot\src\share\vm\prims\jni.cpp, line 709]
Event: 34.528 Thread 0x0000000002d35000 Exception <a 'sun/nio/fs/WindowsException'> (0x00000000fec56350) thrown at [D:\src\AOSP-openjdk-cygwin\jdk8u\hotspot\src\share\vm\prims\jni.cpp, line 709]
Event: 34.546 Thread 0x0000000002d35000 Exception <a 'sun/nio/fs/WindowsException'> (0x00000000fec5e220) thrown at [D:\src\AOSP-openjdk-cygwin\jdk8u\hotspot\src\share\vm\prims\jni.cpp, line 709]
Event: 34.579 Thread 0x0000000002d35000 Exception <a 'sun/nio/fs/WindowsException'> (0x00000000fec90380) thrown at [D:\src\AOSP-openjdk-cygwin\jdk8u\hotspot\src\share\vm\prims\jni.cpp, line 709]
Event: 34.618 Thread 0x0000000002d35000 Exception <a 'sun/nio/fs/WindowsException'> (0x00000000fece2900) thrown at [D:\src\AOSP-openjdk-cygwin\jdk8u\hotspot\src\share\vm\prims\jni.cpp, line 709]
Event: 34.672 Thread 0x0000000002d35000 Exception <a 'sun/nio/fs/WindowsException'> (0x00000000fece79d8) thrown at [D:\src\AOSP-openjdk-cygwin\jdk8u\hotspot\src\share\vm\prims\jni.cpp, line 709]

Events (10 events):
Event: 34.805 Thread 0x0000000002d35000 DEOPT UNPACKING pc=0x0000000002e7556a sp=0x00000000029083e0 mode 2
Event: 34.872 Thread 0x0000000002d35000 DEOPT PACKING pc=0x0000000003256f88 sp=0x000000000290d9a0
Event: 34.872 Thread 0x0000000002d35000 DEOPT UNPACKING pc=0x0000000002e775bf sp=0x000000000290d968 mode 0
Event: 34.936 Thread 0x0000000002d35000 Uncommon trap: trap_request=0xffffff65 fr.pc=0x000000000328fd94
Event: 34.936 Thread 0x0000000002d35000 DEOPT PACKING pc=0x000000000328fd94 sp=0x000000000290b7b0
Event: 34.936 Thread 0x0000000002d35000 DEOPT UNPACKING pc=0x0000000002e7556a sp=0x000000000290b778 mode 2
Event: 34.953 Thread 0x0000000002d35000 DEOPT PACKING pc=0x0000000003256f88 sp=0x000000000290b8a0
Event: 34.953 Thread 0x0000000002d35000 DEOPT UNPACKING pc=0x0000000002e775bf sp=0x000000000290b868 mode 0
Event: 34.964 loading class java/lang/reflect/InvocationTargetException
Event: 34.964 loading class java/lang/reflect/InvocationTargetException done


Dynamic libraries:
0x00007ff781900000 - 0x00007ff781931000 	C:\Program Files\Android\Android Studio\jre\bin\java.exe
0x00007ff9af460000 - 0x00007ff9af63b000 	C:\WINDOWS\SYSTEM32\ntdll.dll
0x00007ff9ad330000 - 0x00007ff9ad3de000 	C:\WINDOWS\System32\KERNEL32.DLL
0x00007ff9ac3e0000 - 0x00007ff9ac629000 	C:\WINDOWS\System32\KERNELBASE.dll
0x00007ff9af3a0000 - 0x00007ff9af441000 	C:\WINDOWS\System32\ADVAPI32.dll
0x00007ff9af2b0000 - 0x00007ff9af34d000 	C:\WINDOWS\System32\msvcrt.dll
0x00007ff9ade10000 - 0x00007ff9ade69000 	C:\WINDOWS\System32\sechost.dll
0x00007ff9ad800000 - 0x00007ff9ad925000 	C:\WINDOWS\System32\RPCRT4.dll
0x00007ff9acf80000 - 0x00007ff9ad0ca000 	C:\WINDOWS\System32\USER32.dll
0x00007ff9ac3c0000 - 0x00007ff9ac3de000 	C:\WINDOWS\System32\win32u.dll
0x00007ff9af350000 - 0x00007ff9af377000 	C:\WINDOWS\System32\GDI32.dll
0x00007ff9ac190000 - 0x00007ff9ac317000 	C:\WINDOWS\System32\gdi32full.dll
0x00007ff9ac320000 - 0x00007ff9ac3ba000 	C:\WINDOWS\System32\msvcp_win.dll
0x00007ff9ac870000 - 0x00007ff9ac966000 	C:\WINDOWS\System32\ucrtbase.dll
0x00007ff9a0b90000 - 0x00007ff9a0df7000 	C:\WINDOWS\WinSxS\amd64_microsoft.windows.common-controls_6595b64144ccf1df_6.0.15063.1058_none_40c74ded29a7bebd\COMCTL32.dll
0x00007ff9ad440000 - 0x00007ff9ad739000 	C:\WINDOWS\System32\combase.dll
0x00007ff9ac630000 - 0x00007ff9ac69a000 	C:\WINDOWS\System32\bcryptPrimitives.dll
0x00007ff9acf50000 - 0x00007ff9acf7d000 	C:\WINDOWS\System32\IMM32.DLL
0x000000006e6e0000 - 0x000000006e7b2000 	C:\Program Files\Android\Android Studio\jre\jre\bin\msvcr100.dll
0x000000006dc80000 - 0x000000006e4be000 	C:\Program Files\Android\Android Studio\jre\jre\bin\server\jvm.dll
0x00007ff9ada50000 - 0x00007ff9ada58000 	C:\WINDOWS\System32\PSAPI.DLL
0x00007ff9a0740000 - 0x00007ff9a0749000 	C:\WINDOWS\SYSTEM32\WSOCK32.dll
0x00007ff9ad0d0000 - 0x00007ff9ad13c000 	C:\WINDOWS\System32\WS2_32.dll
0x00007ff9a31c0000 - 0x00007ff9a31e3000 	C:\WINDOWS\SYSTEM32\WINMM.dll
0x00007ff9a7e70000 - 0x00007ff9a7e7a000 	C:\WINDOWS\SYSTEM32\VERSION.dll
0x00007ff9a3040000 - 0x00007ff9a306b000 	C:\WINDOWS\SYSTEM32\WINMMBASE.dll
0x00007ff9ac970000 - 0x00007ff9ac9b9000 	C:\WINDOWS\System32\cfgmgr32.dll
0x00007ff9a71d0000 - 0x00007ff9a71df000 	C:\Program Files\Android\Android Studio\jre\jre\bin\verify.dll
0x00007ff98cbf0000 - 0x00007ff98cc19000 	C:\Program Files\Android\Android Studio\jre\jre\bin\java.dll
0x00007ff998b60000 - 0x00007ff998b76000 	C:\Program Files\Android\Android Studio\jre\jre\bin\zip.dll
0x00007ff9ade70000 - 0x00007ff9af2a8000 	C:\WINDOWS\System32\SHELL32.dll
0x00007ff9acea0000 - 0x00007ff9acf4a000 	C:\WINDOWS\System32\shcore.dll
0x00007ff9ab9e0000 - 0x00007ff9ac0d1000 	C:\WINDOWS\System32\windows.storage.dll
0x00007ff9adbb0000 - 0x00007ff9adc01000 	C:\WINDOWS\System32\shlwapi.dll
0x00007ff9ab940000 - 0x00007ff9ab951000 	C:\WINDOWS\System32\kernel.appcore.dll
0x00007ff9ab8d0000 - 0x00007ff9ab91c000 	C:\WINDOWS\System32\powrprof.dll
0x00007ff9ab960000 - 0x00007ff9ab975000 	C:\WINDOWS\System32\profapi.dll
0x00007ff9ab320000 - 0x00007ff9ab337000 	C:\WINDOWS\SYSTEM32\CRYPTSP.dll
0x00007ff9aada0000 - 0x00007ff9aadd4000 	C:\WINDOWS\system32\rsaenh.dll
0x00007ff9ab810000 - 0x00007ff9ab835000 	C:\WINDOWS\SYSTEM32\bcrypt.dll
0x00007ff9ab7d0000 - 0x00007ff9ab7f9000 	C:\WINDOWS\SYSTEM32\USERENV.dll
0x00007ff9ab340000 - 0x00007ff9ab34b000 	C:\WINDOWS\SYSTEM32\CRYPTBASE.dll
0x00007ff994060000 - 0x00007ff99407a000 	C:\Program Files\Android\Android Studio\jre\jre\bin\net.dll
0x00007ff9ab180000 - 0x00007ff9ab1dc000 	C:\WINDOWS\system32\mswsock.dll
0x00007ff9aaf20000 - 0x00007ff9aaf57000 	C:\WINDOWS\SYSTEM32\IPHLPAPI.DLL
0x00007ff9af450000 - 0x00007ff9af458000 	C:\WINDOWS\System32\NSI.dll
0x00007ff9a3c90000 - 0x00007ff9a3ca6000 	C:\WINDOWS\SYSTEM32\dhcpcsvc6.DLL
0x00007ff9a4620000 - 0x00007ff9a463a000 	C:\WINDOWS\SYSTEM32\dhcpcsvc.DLL
0x00007ff98cbd0000 - 0x00007ff98cbe1000 	C:\Program Files\Android\Android Studio\jre\jre\bin\nio.dll

VM Arguments:
jvm_args: -Djava.awt.headless=true -Xmx64M -Dfile.encoding=x-windows-949 -Duser.country=US -Duser.language=en -Duser.variant 
java_command: com.google.devtools.build.android.desugar.Desugar --input C:\Users\ilsung\AndroidStudioProjects\SBU_Foodie\app\build\intermediates\classes\debug --output C:\Users\ilsung\AndroidStudioProjects\SBU_Foodie\app\build\intermediates\transforms\desugar\debug\0 --classpath_entry C:\Users\ilsung\AndroidStudioProjects\SBU_Foodie\app\build\intermediates\classes\debug --classpath_entry C:\Users\ilsung\AndroidStudioProjects\SBU_Foodie\app\build\intermediates\transforms\stackFramesFixer\debug\33.jar --classpath_entry C:\Users\ilsung\AndroidStudioProjects\SBU_Foodie\app\build\intermediates\transforms\stackFramesFixer\debug\41.jar --classpath_entry C:\Users\ilsung\AndroidStudioProjects\SBU_Foodie\app\build\intermediates\transforms\stackFramesFixer\debug\17.jar --classpath_entry C:\Users\ilsung\AndroidStudioProjects\SBU_Foodie\app\build\intermediates\transforms\stackFramesFixer\debug\8.jar --classpath_entry C:\Users\ilsung\AndroidStudioProjects\SBU_Foodie\app\build\intermediates\transforms\stackFramesFixer\debug\50.jar --classpath_entry C:\Users\ilsung\AndroidStudioProjects\SBU_Foodie\app\build\intermediates\transforms\stackFramesFixer\debug\24.jar --classpath_entry C:\Users\ilsung\AndroidStudioProjects\SBU_Foodie\app\build\intermediates\transforms\stackFramesFixer\debug\15.jar --classpath_entry C:\Users\ilsung\AndroidStudioProjects\SBU_Foodie\app\build\intermediates\transforms\stackFramesFixer\debug\40.jar --classpath_entry C:\Users\ilsung\AndroidStudioProjects\SBU_Foodie\app\build\intermediates\transforms\stackFramesFixer\debug\32.jar --classpath_entry C:\Users\ilsung\AndroidStudioProjects\SBU_Foodie\app\build\intermediates\transforms\stackFramesFixer\debug\18.jar --classpath_entry C:\Users\ilsung\AndroidStudioProjects\SBU_Foodie\app\build\intermediates\transforms\stackFramesFixer\debug\23.jar --classpath_entry C:\Users\ilsung\AndroidStudioProjects\SBU_Foodie\app\build\intermediates\transforms\stackFramesFixer\debug\27.jar --classpath_entry C:\Users\ilsung\AndroidS
java_class_path (initial): C:\Users\ilsung\AppData\Local\Temp\desugar_deploy.jar3358941372391429850
Launcher Type: SUN_STANDARD

Environment Variables:
PATH=C:\ProgramData\Oracle\Java\javapath;C:\Program Files (x86)\Intel\iCLS Client\;C:\Program Files\Intel\iCLS Client\;C:\WINDOWS\system32;C:\WINDOWS;C:\WINDOWS\System32\Wbem;C:\WINDOWS\System32\WindowsPowerShell\v1.0\;C:\Program Files\Intel\Intel(R) Management Engine Components\DAL;C:\Program Files\Intel\Intel(R) Management Engine Components\IPT;C:\Program Files (x86)\Intel\Intel(R) Management Engine Components\DAL;C:\Program Files (x86)\Intel\Intel(R) Management Engine Components\IPT;C:\Program Files (x86)\Intel\OpenCL SDK\2.0\bin\x86;C:\Program Files (x86)\Intel\OpenCL SDK\2.0\bin\x64;C:\Program Files\Condusiv Technologies\IntelliMemory\;C:\Program Files (x86)\Windows Live\Shared;C:\Program Files\Intel\WiFi\bin\;C:\Program Files\Common Files\Intel\WirelessCommon\;C:\Users\ilsung\AppData\Roaming\nvm;C:\Program Files\nodejs;C:\Program Files\nodejs\;C:\Program Files\erl9.2\bin;C:\Program Files (x86)\Elixir\bin;C:\WINDOWS\system32\config\systemprofile\.mix\escripts;C:\Program Files\Git\cmd;C:\Users\ilsung\AppData\Local\Programs\Python\Python36-32\;C:\Users\ilsung\AppData\Roaming\npm;C:\Program Files (x86)\SSH Communications Security\SSH Secure Shell;C:\Users\ilsung\AppData\Local\Python\Python36\Scripts;C:\Users\ilsung\AppData\Local\Python\Python36;C:\Users\ilsung\AppData\Local\Python\Python36;C:\Users\ilsung\AppData\Local;C:\Program Files\Java\jdk1.8.0_162\bin;
USERNAME=ilsung
OS=Windows_NT
PROCESSOR_IDENTIFIER=Intel64 Family 6 Model 58 Stepping 9, GenuineIntel



---------------  S Y S T E M  ---------------

OS: Windows 10.0 , 64 bit Build 15063 (10.0.15063.1058)

CPU:total 4 (initial active 4) (2 cores per cpu, 2 threads per core) family 6 model 58 stepping 9, cmov, cx8, fxsr, mmx, sse, sse2, sse3, ssse3, sse4.1, sse4.2, popcnt, avx, clmul, erms, ht, tsc, tscinvbit, tscinv

Memory: 4k page, physical 8001056k(1390324k free), swap 10376268k(3688k free)

vm_info: OpenJDK 64-Bit Server VM (25.152-b01) for windows-amd64 JRE (1.8.0_152-release-915-b01), built by "builder" with MS VC++ 10.0 (VS2010)

time: Fri Jun 22 18:27:59 2018
elapsed time: 35 seconds (0d 0h 0m 35s)

